<?xml version="1.0" encoding="UTF-8"?>
<testsuite name="banking.CommandValidatorTest" tests="2" skipped="0" failures="0" errors="0" timestamp="2023-12-11T06:54:53" hostname="DESKTOP-2SPJV76" time="0.007">
  <properties/>
  <testcase name="account_creation_command()" classname="banking.CommandValidatorTest" time="0.006"/>
  <testcase name="deposit_command()" classname="banking.CommandValidatorTest" time="0.0"/>
  <system-out><![CDATA[]]></system-out>
  <system-err><![CDATA[]]></system-err>
</testsuite>
