<?xml version="1.0" encoding="UTF-8"?>
<testsuite name="banking.CommandValidatorTest" tests="2" skipped="0" failures="0" errors="0" timestamp="2023-12-11T07:18:02" hostname="DESKTOP-2SPJV76" time="0.008">
  <properties/>
  <testcase name="account_creation_command()" classname="banking.CommandValidatorTest" time="0.007"/>
  <testcase name="deposit_command()" classname="banking.CommandValidatorTest" time="0.001"/>
  <system-out><![CDATA[]]></system-out>
  <system-err><![CDATA[]]></system-err>
</testsuite>
