<?xml version="1.0" encoding="UTF-8"?>
<testsuite name="banking.SavingTest" tests="1" skipped="0" failures="0" errors="0" timestamp="2023-12-11T07:29:57" hostname="DESKTOP-2SPJV76" time="0.0">
  <properties/>
  <testcase name="balance_starts_at_0()" classname="banking.SavingTest" time="0.0"/>
  <system-out><![CDATA[]]></system-out>
  <system-err><![CDATA[]]></system-err>
</testsuite>
