<?xml version="1.0" encoding="UTF-8"?>
<testsuite name="banking.CommandProcessorTest" tests="2" skipped="0" failures="0" errors="0" timestamp="2023-12-11T07:29:56" hostname="DESKTOP-2SPJV76" time="0.007">
  <properties/>
  <testcase name="deposit_command()" classname="banking.CommandProcessorTest" time="0.006"/>
  <testcase name="create_command()" classname="banking.CommandProcessorTest" time="0.001"/>
  <system-out><![CDATA[]]></system-out>
  <system-err><![CDATA[]]></system-err>
</testsuite>
