<?xml version="1.0" encoding="UTF-8"?>
<testsuite name="banking.MasterControlTest" tests="8" skipped="0" failures="0" errors="0" timestamp="2023-12-11T19:11:53" hostname="DESKTOP-2SPJV76" time="0.05">
  <properties/>
  <testcase name="typo_in_create_command_is_invalid()" classname="banking.MasterControlTest" time="0.023"/>
  <testcase name="sample_make_sure_this_passes_unchanged()" classname="banking.MasterControlTest" time="0.017"/>
  <testcase name="another_sample_test_case_with_withdrawl()" classname="banking.MasterControlTest" time="0.001"/>
  <testcase name="invalid_to_create_accounts_with_same_accounts()" classname="banking.MasterControlTest" time="0.001"/>
  <testcase name="transfer_shows_up_in_both_accounts()" classname="banking.MasterControlTest" time="0.004"/>
  <testcase name="typo_in_deposit_command_is_invalid()" classname="banking.MasterControlTest" time="0.0"/>
  <testcase name="two_typo_commands_both_invalid()" classname="banking.MasterControlTest" time="0.001"/>
  <testcase name="create_account()" classname="banking.MasterControlTest" time="0.001"/>
  <system-out><![CDATA[[Checking 12345678 400.00 2.30, Transfer 23456789 12345678 400, Checking 23456789 0.00 3.20, Deposit 23456789 400, Transfer 23456789 12345678 400]
]]></system-out>
  <system-err><![CDATA[]]></system-err>
</testsuite>
