<?xml version="1.0" encoding="UTF-8"?>
<testsuite name="banking.CommandProcessorTest" tests="5" skipped="0" failures="0" errors="0" timestamp="2023-12-11T18:36:33" hostname="DESKTOP-2SPJV76" time="0.009">
  <properties/>
  <testcase name="withdraw_command()" classname="banking.CommandProcessorTest" time="0.006"/>
  <testcase name="pass_time()" classname="banking.CommandProcessorTest" time="0.0"/>
  <testcase name="deposit_command()" classname="banking.CommandProcessorTest" time="0.0"/>
  <testcase name="create_command()" classname="banking.CommandProcessorTest" time="0.0"/>
  <testcase name="transfer_command()" classname="banking.CommandProcessorTest" time="0.0"/>
  <system-out><![CDATA[]]></system-out>
  <system-err><![CDATA[]]></system-err>
</testsuite>
