<?xml version="1.0" encoding="UTF-8"?>
<testsuite name="banking.PassTimeValidatorTest" tests="16" skipped="0" failures="0" errors="0" timestamp="2023-12-11T06:37:37" hostname="DESKTOP-2SPJV76" time="0.008">
  <properties/>
  <testcase name="only_string()" classname="banking.PassTimeValidatorTest" time="0.001"/>
  <testcase name="pass_61_month()" classname="banking.PassTimeValidatorTest" time="0.0"/>
  <testcase name="pass_and_string_after()" classname="banking.PassTimeValidatorTest" time="0.001"/>
  <testcase name="misspelled_pass()" classname="banking.PassTimeValidatorTest" time="0.0"/>
  <testcase name="only_pass()" classname="banking.PassTimeValidatorTest" time="0.001"/>
  <testcase name="pass_one_and_half_months()" classname="banking.PassTimeValidatorTest" time="0.0"/>
  <testcase name="pass_twice()" classname="banking.PassTimeValidatorTest" time="0.001"/>
  <testcase name="case_insensitivte()" classname="banking.PassTimeValidatorTest" time="0.0"/>
  <testcase name="multiple_arguments_after()" classname="banking.PassTimeValidatorTest" time="0.0"/>
  <testcase name="pass_0_month()" classname="banking.PassTimeValidatorTest" time="0.0"/>
  <testcase name="pass_5_month()" classname="banking.PassTimeValidatorTest" time="0.0"/>
  <testcase name="pass_60_months()" classname="banking.PassTimeValidatorTest" time="0.0"/>
  <testcase name="pass_thrice()" classname="banking.PassTimeValidatorTest" time="0.0"/>
  <testcase name="pass_1_month()" classname="banking.PassTimeValidatorTest" time="0.001"/>
  <testcase name="only_amount()" classname="banking.PassTimeValidatorTest" time="0.0"/>
  <testcase name="pass_negative_months()" classname="banking.PassTimeValidatorTest" time="0.001"/>
  <system-out><![CDATA[]]></system-out>
  <system-err><![CDATA[]]></system-err>
</testsuite>
