<?xml version="1.0" encoding="UTF-8"?>
<testsuite name="banking.PassTimeProcessorTest" tests="13" skipped="0" failures="0" errors="0" timestamp="2023-12-11T07:08:42" hostname="DESKTOP-2SPJV76" time="0.007">
  <properties/>
  <testcase name="account_balance_below_100()" classname="banking.PassTimeProcessorTest" time="0.0"/>
  <testcase name="pass_command_twice_in_a_row()" classname="banking.PassTimeProcessorTest" time="0.001"/>
  <testcase name="check_if_saving_withdraw_is_valid_after_pass_time()" classname="banking.PassTimeProcessorTest" time="0.0"/>
  <testcase name="apr_calculation_of_checking()" classname="banking.PassTimeProcessorTest" time="0.0"/>
  <testcase name="close_multiple_accounts()" classname="banking.PassTimeProcessorTest" time="0.0"/>
  <testcase name="account_balance_at_100()" classname="banking.PassTimeProcessorTest" time="0.001"/>
  <testcase name="check_if_withdraw_valid_for_cd()" classname="banking.PassTimeProcessorTest" time="0.001"/>
  <testcase name="pass_time_account_balance_above_100()" classname="banking.PassTimeProcessorTest" time="0.0"/>
  <testcase name="cd_account_apr_calulcation()" classname="banking.PassTimeProcessorTest" time="0.0"/>
  <testcase name="account_balance_below_100_twice()" classname="banking.PassTimeProcessorTest" time="0.0"/>
  <testcase name="close_account_if_balance_is_zero()" classname="banking.PassTimeProcessorTest" time="0.0"/>
  <testcase name="pass_60_months()" classname="banking.PassTimeProcessorTest" time="0.001"/>
  <testcase name="apr_calculation_of_saving_balance_of_1000()" classname="banking.PassTimeProcessorTest" time="0.0"/>
  <system-out><![CDATA[]]></system-out>
  <system-err><![CDATA[]]></system-err>
</testsuite>
