<?xml version="1.0" encoding="UTF-8"?>
<testsuite name="banking.CDTest" tests="1" skipped="0" failures="0" errors="0" timestamp="2023-12-11T06:37:37" hostname="DESKTOP-2SPJV76" time="0.0">
  <properties/>
  <testcase name="starting_balance_is_supplied_balance()" classname="banking.CDTest" time="0.0"/>
  <system-out><![CDATA[]]></system-out>
  <system-err><![CDATA[]]></system-err>
</testsuite>
