<?xml version="1.0" encoding="UTF-8"?>
<testsuite name="banking.CommandStorageTest" tests="3" skipped="0" failures="0" errors="0" timestamp="2023-12-11T07:33:08" hostname="DESKTOP-2SPJV76" time="0.002">
  <properties/>
  <testcase name="add_two_invalid_commands()" classname="banking.CommandStorageTest" time="0.001"/>
  <testcase name="add_invalid_command_to_invalid_storage()" classname="banking.CommandStorageTest" time="0.0"/>
  <testcase name="add_three_invalid_commands()" classname="banking.CommandStorageTest" time="0.001"/>
  <system-out><![CDATA[]]></system-out>
  <system-err><![CDATA[]]></system-err>
</testsuite>
