<?xml version="1.0" encoding="UTF-8"?>
<testsuite name="banking.CreateValidatorTest" tests="35" skipped="0" failures="0" errors="0" timestamp="2023-12-11T07:08:42" hostname="DESKTOP-2SPJV76" time="0.022">
  <properties/>
  <testcase name="checking_and_account_id_only()" classname="banking.CreateValidatorTest" time="0.001"/>
  <testcase name="checking_with_multiple_fields_after()" classname="banking.CreateValidatorTest" time="0.0"/>
  <testcase name="saving_with_balance()" classname="banking.CreateValidatorTest" time="0.0"/>
  <testcase name="duplicate_account_with_same_id_already_exists()" classname="banking.CreateValidatorTest" time="0.001"/>
  <testcase name="checking_creation_pass()" classname="banking.CreateValidatorTest" time="0.0"/>
  <testcase name="apr_is_a_decimal()" classname="banking.CreateValidatorTest" time="0.0"/>
  <testcase name="balance_is_negative()" classname="banking.CreateValidatorTest" time="0.0"/>
  <testcase name="bank_with_2_account_exist()" classname="banking.CreateValidatorTest" time="0.0"/>
  <testcase name="saving_with_multiple_fields_after()" classname="banking.CreateValidatorTest" time="0.001"/>
  <testcase name="checking_typo_creation_pass()" classname="banking.CreateValidatorTest" time="0.0"/>
  <testcase name="balance_is_at_zero()" classname="banking.CreateValidatorTest" time="0.001"/>
  <testcase name="case_insensitive()" classname="banking.CreateValidatorTest" time="0.0"/>
  <testcase name="apr_at_max_value()" classname="banking.CreateValidatorTest" time="0.001"/>
  <testcase name="create_only()" classname="banking.CreateValidatorTest" time="0.0"/>
  <testcase name="savings_creation_pass()" classname="banking.CreateValidatorTest" time="0.001"/>
  <testcase name="more_than_8_digits_for_account()" classname="banking.CreateValidatorTest" time="0.001"/>
  <testcase name="apr_is_negative()" classname="banking.CreateValidatorTest" time="0.001"/>
  <testcase name="savings_only()" classname="banking.CreateValidatorTest" time="0.0"/>
  <testcase name="test()" classname="banking.CreateValidatorTest" time="0.0"/>
  <testcase name="only_account_id_and_apr_and_balance()" classname="banking.CreateValidatorTest" time="0.001"/>
  <testcase name="apr_at_min_value()" classname="banking.CreateValidatorTest" time="0.0"/>
  <testcase name="cd_without_a_balance()" classname="banking.CreateValidatorTest" time="0.0"/>
  <testcase name="cd_with_multiple_fields_after()" classname="banking.CreateValidatorTest" time="0.0"/>
  <testcase name="below_balance_min_cd()" classname="banking.CreateValidatorTest" time="0.0"/>
  <testcase name="all_strings()" classname="banking.CreateValidatorTest" time="0.001"/>
  <testcase name="balance_is_at_max_value()" classname="banking.CreateValidatorTest" time="0.0"/>
  <testcase name="bank_with_3_accounts_already_exist()" classname="banking.CreateValidatorTest" time="0.001"/>
  <testcase name="bank_with_1_account_exist()" classname="banking.CreateValidatorTest" time="0.0"/>
  <testcase name="wrong_account_type()" classname="banking.CreateValidatorTest" time="0.001"/>
  <testcase name="balance_is_at_min_value()" classname="banking.CreateValidatorTest" time="0.0"/>
  <testcase name="apr_above_max_value()" classname="banking.CreateValidatorTest" time="0.0"/>
  <testcase name="above_balance_max_cd()" classname="banking.CreateValidatorTest" time="0.001"/>
  <testcase name="less_than_8_digits_for_account()" classname="banking.CreateValidatorTest" time="0.0"/>
  <testcase name="cd_creation()" classname="banking.CreateValidatorTest" time="0.0"/>
  <testcase name="invalid_account_id()" classname="banking.CreateValidatorTest" time="0.0"/>
  <system-out><![CDATA[]]></system-out>
  <system-err><![CDATA[]]></system-err>
</testsuite>
